<?xml version="1.0" encoding="utf-8"?><testsuites name="pytest tests"><testsuite name="pytest" errors="0" failures="0" skipped="0" tests="4" time="3.461" timestamp="2026-08-16T18:25:42.550252+00:00" hostname="agent-env-da04ce3d-af98-47de-8041-35ba8b318b03"><testcase classname="backend.tests.test_backend_e2e" name="test_project_ready_has_words" time="3.037" /><testcase classname="backend.tests.test_backend_e2e" name="test_cuts_update" time="0.128" /><testcase classname="backend.tests.test_backend_e2e" name="test_style_update" time="0.137" /><testcase classname="backend.tests.test_backend_e2e" name="test_video_streaming" time="0.104" /></testsuite></testsuites>