<?xml version="1.0" encoding="utf-8"?><testsuites name="pytest tests"><testsuite name="pytest" errors="0" failures="0" skipped="0" tests="10" time="25.042" timestamp="2026-08-16T18:51:19.285835+00:00" hostname="agent-env-da04ce3d-af98-47de-8041-35ba8b318b03"><testcase classname="backend.tests.test_reel_backend" name="test_cloudinary_status" time="0.231" /><testcase classname="backend.tests.test_reel_backend" name="test_list_projects_shape" time="0.112" /><testcase classname="backend.tests.test_reel_backend" name="test_thumbnail_returns_jpeg" time="3.109" /><testcase classname="backend.tests.test_reel_backend" name="test_set_reel_valid" time="0.344" /><testcase classname="backend.tests.test_reel_backend" name="test_set_reel_invalid_aspect" time="0.132" /><testcase classname="backend.tests.test_reel_backend" name="test_export_vertical_karaoke" time="13.652" /><testcase classname="backend.tests.test_reel_backend" name="test_export_video_range_and_download" time="0.284" /><testcase classname="backend.tests.test_reel_backend" name="test_export_original_no_karaoke" time="3.401" /><testcase classname="backend.tests.test_reel_backend" name="test_export_when_not_ready" time="0.341" /><testcase classname="backend.tests.test_reel_backend" name="test_delete_project" time="3.359" /></testsuite></testsuites>